2026-05-09 01:06:58,391 INFO [app] SmartTask application initialized
2026-05-09 01:06:58,759 INFO [app] SmartTask application initialized
2026-05-09 12:23:26,326 INFO [app] SmartTask application initialized
2026-05-09 12:23:26,685 INFO [app] SmartTask application initialized
2026-05-09 12:23:30,496 INFO [app] GET / 200 6ms
2026-05-09 12:23:31,140 INFO [app] GET /static/css/style.css 304 8ms
2026-05-09 12:23:31,140 INFO [app] GET /static/js/app.js 304 7ms
2026-05-09 12:23:33,950 INFO [app] GET /auth/register 200 3ms
2026-05-09 12:23:33,953 INFO [app] GET /static/js/app.js 304 0ms
2026-05-09 12:23:33,953 INFO [app] GET /static/css/style.css 304 1ms
2026-05-09 12:23:34,248 INFO [app] GET /static/css/style.css 304 1ms
2026-05-09 12:23:34,249 INFO [app] GET /static/js/app.js 304 1ms
2026-05-09 12:29:04,515 INFO [app] GET /auth/register 200 1ms
2026-05-09 12:29:04,824 INFO [app] GET /static/css/style.css 304 1ms
2026-05-09 12:29:04,824 INFO [app] GET /static/js/app.js 304 0ms
2026-05-09 12:29:14,640 INFO [app] GET /auth/login 200 4ms
2026-05-09 12:29:14,954 INFO [app] GET /static/js/app.js 304 0ms
2026-05-09 12:29:14,954 INFO [app] GET /static/css/style.css 304 2ms
2026-05-09 12:29:37,623 INFO [app] POST /auth/login 302 104ms
2026-05-09 12:29:37,641 INFO [app] GET /dashboard 200 8ms
2026-05-09 12:29:37,942 INFO [app] GET /static/css/style.css 304 0ms
2026-05-09 12:29:37,944 INFO [app] GET /static/js/app.js 304 0ms
2026-05-09 12:29:37,998 INFO [app] GET /apple-touch-icon-precomposed.png 404 0ms
2026-05-09 12:29:37,998 INFO [app] GET /apple-touch-icon.png 404 0ms
2026-05-09 12:29:37,999 INFO [app] GET /favicon.ico 404 0ms
2026-05-09 12:29:41,332 INFO [app] POST /tasks/1/delete 302 16ms
2026-05-09 12:29:41,343 INFO [app] GET /dashboard 200 3ms
2026-05-09 12:29:41,635 INFO [app] GET /static/css/style.css 304 1ms
2026-05-09 12:29:41,635 INFO [app] GET /static/js/app.js 304 0ms
2026-05-09 12:32:29,514 INFO [app] Task created
2026-05-09 12:32:29,516 INFO [app] POST /tasks 302 26ms
2026-05-09 12:32:29,529 INFO [app] GET /dashboard 200 4ms
2026-05-09 12:32:29,816 INFO [app] GET /static/css/style.css 304 1ms
2026-05-09 12:32:29,817 INFO [app] GET /static/js/app.js 304 0ms
2026-05-09 12:32:50,945 INFO [app] Task created
2026-05-09 12:32:50,946 INFO [app] POST /tasks 302 7ms
2026-05-09 12:32:50,958 INFO [app] GET /dashboard 200 4ms
2026-05-09 12:32:50,975 INFO [app] GET /static/css/style.css 304 1ms
2026-05-09 12:32:50,975 INFO [app] GET /static/js/app.js 304 0ms
2026-05-09 12:32:56,115 INFO [app] Completing task
2026-05-09 12:32:56,122 INFO [app] POST /tasks/4/complete 302 11ms
2026-05-09 12:32:56,134 INFO [app] GET /dashboard 200 3ms
2026-05-09 12:32:56,425 INFO [app] GET /static/css/style.css 304 1ms
2026-05-09 12:32:56,425 INFO [app] GET /static/js/app.js 304 0ms
